The system is: Darwin - 17.0.0 - x86_64
Compiling the C compiler identification source file "CMakeCCompilerId.c" succeeded.
Compiler: /Library/Developer/CommandLineTools/usr/bin/cc 
Build flags: 
Id flags: 

The output was:
0


Compilation of the C compiler identification source "CMakeCCompilerId.c" produced "a.out"

The C compiler identification is AppleClang, found in "/Users/giovannidispoto/desktop/libui-master/build/CMakeFiles/3.5.2/CompilerIdC/a.out"

Compiling the CXX compiler identification source file "CMakeCXXCompilerId.cpp" succeeded.
Compiler: /Library/Developer/CommandLineTools/usr/bin/c++ 
Build flags: 
Id flags: 

The output was:
0


Compilation of the CXX compiler identification source "CMakeCXXCompilerId.cpp" produced "a.out"

The CXX compiler identification is AppleClang, found in "/Users/giovannidispoto/desktop/libui-master/build/CMakeFiles/3.5.2/CompilerIdCXX/a.out"

Determining if the C compiler works passed with the following output:
Change Dir: /Users/giovannidispoto/desktop/libui-master/build/CMakeFiles/CMakeTmp

Run Build Command:"/opt/local/bin/gmake" "cmTC_8653f/fast"
/opt/local/bin/gmake -f CMakeFiles/cmTC_8653f.dir/build.make CMakeFiles/cmTC_8653f.dir/build
gmake[1]: ingresso nella directory "/Users/giovannidispoto/Desktop/libui-master/build/CMakeFiles/CMakeTmp"
Building C object CMakeFiles/cmTC_8653f.dir/testCCompiler.c.o
/Library/Developer/CommandLineTools/usr/bin/cc    -isysroot /Library/Developer/CommandLineTools/SDKs/MacOSX10.13.sdk -mmacosx-version-min=10.8   -o CMakeFiles/cmTC_8653f.dir/testCCompiler.c.o   -c /Users/giovannidispoto/desktop/libui-master/build/CMakeFiles/CMakeTmp/testCCompiler.c
Linking C executable cmTC_8653f
/usr/local/Cellar/cmake/3.5.2/bin/cmake -E cmake_link_script CMakeFiles/cmTC_8653f.dir/link.txt --verbose=1
/Library/Developer/CommandLineTools/usr/bin/cc    -isysroot /Library/Developer/CommandLineTools/SDKs/MacOSX10.13.sdk -mmacosx-version-min=10.8 -Wl,-search_paths_first -Wl,-headerpad_max_install_names   CMakeFiles/cmTC_8653f.dir/testCCompiler.c.o  -o cmTC_8653f  
gmake[1]: uscita dalla directory "/Users/giovannidispoto/Desktop/libui-master/build/CMakeFiles/CMakeTmp"


Detecting C compiler ABI info compiled with the following output:
Change Dir: /Users/giovannidispoto/desktop/libui-master/build/CMakeFiles/CMakeTmp

Run Build Command:"/opt/local/bin/gmake" "cmTC_38267/fast"
/opt/local/bin/gmake -f CMakeFiles/cmTC_38267.dir/build.make CMakeFiles/cmTC_38267.dir/build
gmake[1]: ingresso nella directory "/Users/giovannidispoto/Desktop/libui-master/build/CMakeFiles/CMakeTmp"
Building C object CMakeFiles/cmTC_38267.dir/CMakeCCompilerABI.c.o
/Library/Developer/CommandLineTools/usr/bin/cc    -isysroot /Library/Developer/CommandLineTools/SDKs/MacOSX10.13.sdk -mmacosx-version-min=10.8   -o CMakeFiles/cmTC_38267.dir/CMakeCCompilerABI.c.o   -c /usr/local/Cellar/cmake/3.5.2/share/cmake/Modules/CMakeCCompilerABI.c
Linking C executable cmTC_38267
/usr/local/Cellar/cmake/3.5.2/bin/cmake -E cmake_link_script CMakeFiles/cmTC_38267.dir/link.txt --verbose=1
/Library/Developer/CommandLineTools/usr/bin/cc    -isysroot /Library/Developer/CommandLineTools/SDKs/MacOSX10.13.sdk -mmacosx-version-min=10.8 -Wl,-search_paths_first -Wl,-headerpad_max_install_names  -v -Wl,-v CMakeFiles/cmTC_38267.dir/CMakeCCompilerABI.c.o  -o cmTC_38267   
Apple LLVM version 9.0.0 (clang-900.0.39.2)
Target: x86_64-apple-darwin17.0.0
Thread model: posix
InstalledDir: /Library/Developer/CommandLineTools/usr/bin
 "/Library/Developer/CommandLineTools/usr/bin/ld" -demangle -lto_library /Library/Developer/CommandLineTools/usr/lib/libLTO.dylib -dynamic -arch x86_64 -macosx_version_min 10.8.0 -syslibroot /Library/Developer/CommandLineTools/SDKs/MacOSX10.13.sdk -o cmTC_38267 -search_paths_first -headerpad_max_install_names -v CMakeFiles/cmTC_38267.dir/CMakeCCompilerABI.c.o -lSystem /Library/Developer/CommandLineTools/usr/lib/clang/9.0.0/lib/darwin/libclang_rt.osx.a
@(#)PROGRAM:ld  PROJECT:ld64-305
configured to support archs: armv6 armv7 armv7s arm64 i386 x86_64 x86_64h armv6m armv7k armv7m armv7em (tvOS)
Library search paths:
	/Library/Developer/CommandLineTools/SDKs/MacOSX10.13.sdk/usr/lib
Framework search paths:
	/Library/Developer/CommandLineTools/SDKs/MacOSX10.13.sdk/System/Library/Frameworks/
gmake[1]: uscita dalla directory "/Users/giovannidispoto/Desktop/libui-master/build/CMakeFiles/CMakeTmp"


Parsed C implicit link information from above output:
  link line regex: [^( *|.*[/\])(ld|([^/\]+-)?ld|collect2)[^/\]*( |$)]
  ignore line: [Change Dir: /Users/giovannidispoto/desktop/libui-master/build/CMakeFiles/CMakeTmp]
  ignore line: []
  ignore line: [Run Build Command:"/opt/local/bin/gmake" "cmTC_38267/fast"]
  ignore line: [/opt/local/bin/gmake -f CMakeFiles/cmTC_38267.dir/build.make CMakeFiles/cmTC_38267.dir/build]
  ignore line: [gmake[1]: ingresso nella directory "/Users/giovannidispoto/Desktop/libui-master/build/CMakeFiles/CMakeTmp"]
  ignore line: [Building C object CMakeFiles/cmTC_38267.dir/CMakeCCompilerABI.c.o]
  ignore line: [/Library/Developer/CommandLineTools/usr/bin/cc    -isysroot /Library/Developer/CommandLineTools/SDKs/MacOSX10.13.sdk -mmacosx-version-min=10.8   -o CMakeFiles/cmTC_38267.dir/CMakeCCompilerABI.c.o   -c /usr/local/Cellar/cmake/3.5.2/share/cmake/Modules/CMakeCCompilerABI.c]
  ignore line: [Linking C executable cmTC_38267]
  ignore line: [/usr/local/Cellar/cmake/3.5.2/bin/cmake -E cmake_link_script CMakeFiles/cmTC_38267.dir/link.txt --verbose=1]
  ignore line: [/Library/Developer/CommandLineTools/usr/bin/cc    -isysroot /Library/Developer/CommandLineTools/SDKs/MacOSX10.13.sdk -mmacosx-version-min=10.8 -Wl,-search_paths_first -Wl,-headerpad_max_install_names  -v -Wl,-v CMakeFiles/cmTC_38267.dir/CMakeCCompilerABI.c.o  -o cmTC_38267   ]
  ignore line: [Apple LLVM version 9.0.0 (clang-900.0.39.2)]
  ignore line: [Target: x86_64-apple-darwin17.0.0]
  ignore line: [Thread model: posix]
  ignore line: [InstalledDir: /Library/Developer/CommandLineTools/usr/bin]
  link line: [ "/Library/Developer/CommandLineTools/usr/bin/ld" -demangle -lto_library /Library/Developer/CommandLineTools/usr/lib/libLTO.dylib -dynamic -arch x86_64 -macosx_version_min 10.8.0 -syslibroot /Library/Developer/CommandLineTools/SDKs/MacOSX10.13.sdk -o cmTC_38267 -search_paths_first -headerpad_max_install_names -v CMakeFiles/cmTC_38267.dir/CMakeCCompilerABI.c.o -lSystem /Library/Developer/CommandLineTools/usr/lib/clang/9.0.0/lib/darwin/libclang_rt.osx.a]
    arg [/Library/Developer/CommandLineTools/usr/bin/ld] ==> ignore
    arg [-demangle] ==> ignore
    arg [-lto_library] ==> lib [to_library]
    arg [/Library/Developer/CommandLineTools/usr/lib/libLTO.dylib] ==> ignore
    arg [-dynamic] ==> ignore
    arg [-arch] ==> ignore
    arg [x86_64] ==> ignore
    arg [-macosx_version_min] ==> ignore
    arg [10.8.0] ==> ignore
    arg [-syslibroot] ==> ignore
    arg [/Library/Developer/CommandLineTools/SDKs/MacOSX10.13.sdk] ==> ignore
    arg [-o] ==> ignore
    arg [cmTC_38267] ==> ignore
    arg [-search_paths_first] ==> ignore
    arg [-headerpad_max_install_names] ==> ignore
    arg [-v] ==> ignore
    arg [CMakeFiles/cmTC_38267.dir/CMakeCCompilerABI.c.o] ==> ignore
    arg [-lSystem] ==> lib [System]
    arg [/Library/Developer/CommandLineTools/usr/lib/clang/9.0.0/lib/darwin/libclang_rt.osx.a] ==> lib [/Library/Developer/CommandLineTools/usr/lib/clang/9.0.0/lib/darwin/libclang_rt.osx.a]
  Library search paths: [;/Library/Developer/CommandLineTools/SDKs/MacOSX10.13.sdk/usr/lib]
  Framework search paths: [;/Library/Developer/CommandLineTools/SDKs/MacOSX10.13.sdk/System/Library/Frameworks/]
  remove lib [System]
  collapse library dir [/Library/Developer/CommandLineTools/SDKs/MacOSX10.13.sdk/usr/lib] ==> [/Library/Developer/CommandLineTools/SDKs/MacOSX10.13.sdk/usr/lib]
  collapse framework dir [/Library/Developer/CommandLineTools/SDKs/MacOSX10.13.sdk/System/Library/Frameworks/] ==> [/Library/Developer/CommandLineTools/SDKs/MacOSX10.13.sdk/System/Library/Frameworks]
  implicit libs: [to_library;/Library/Developer/CommandLineTools/usr/lib/clang/9.0.0/lib/darwin/libclang_rt.osx.a]
  implicit dirs: [/Library/Developer/CommandLineTools/SDKs/MacOSX10.13.sdk/usr/lib]
  implicit fwks: [/Library/Developer/CommandLineTools/SDKs/MacOSX10.13.sdk/System/Library/Frameworks]




Detecting C [-std=c11] compiler features compiled with the following output:
Change Dir: /Users/giovannidispoto/desktop/libui-master/build/CMakeFiles/CMakeTmp

Run Build Command:"/opt/local/bin/gmake" "cmTC_defef/fast"
/opt/local/bin/gmake -f CMakeFiles/cmTC_defef.dir/build.make CMakeFiles/cmTC_defef.dir/build
gmake[1]: ingresso nella directory "/Users/giovannidispoto/Desktop/libui-master/build/CMakeFiles/CMakeTmp"
Building C object CMakeFiles/cmTC_defef.dir/feature_tests.c.o
/Library/Developer/CommandLineTools/usr/bin/cc    -isysroot /Library/Developer/CommandLineTools/SDKs/MacOSX10.13.sdk -mmacosx-version-min=10.8   -std=c11 -o CMakeFiles/cmTC_defef.dir/feature_tests.c.o   -c /Users/giovannidispoto/desktop/libui-master/build/CMakeFiles/feature_tests.c
Linking C executable cmTC_defef
/usr/local/Cellar/cmake/3.5.2/bin/cmake -E cmake_link_script CMakeFiles/cmTC_defef.dir/link.txt --verbose=1
/Library/Developer/CommandLineTools/usr/bin/cc    -isysroot /Library/Developer/CommandLineTools/SDKs/MacOSX10.13.sdk -mmacosx-version-min=10.8 -Wl,-search_paths_first -Wl,-headerpad_max_install_names   CMakeFiles/cmTC_defef.dir/feature_tests.c.o  -o cmTC_defef  
gmake[1]: uscita dalla directory "/Users/giovannidispoto/Desktop/libui-master/build/CMakeFiles/CMakeTmp"


    Feature record: C_FEATURE:1c_function_prototypes
    Feature record: C_FEATURE:1c_restrict
    Feature record: C_FEATURE:1c_static_assert
    Feature record: C_FEATURE:1c_variadic_macros


Detecting C [-std=c99] compiler features compiled with the following output:
Change Dir: /Users/giovannidispoto/desktop/libui-master/build/CMakeFiles/CMakeTmp

Run Build Command:"/opt/local/bin/gmake" "cmTC_3f98a/fast"
/opt/local/bin/gmake -f CMakeFiles/cmTC_3f98a.dir/build.make CMakeFiles/cmTC_3f98a.dir/build
gmake[1]: ingresso nella directory "/Users/giovannidispoto/Desktop/libui-master/build/CMakeFiles/CMakeTmp"
Building C object CMakeFiles/cmTC_3f98a.dir/feature_tests.c.o
/Library/Developer/CommandLineTools/usr/bin/cc    -isysroot /Library/Developer/CommandLineTools/SDKs/MacOSX10.13.sdk -mmacosx-version-min=10.8   -std=c99 -o CMakeFiles/cmTC_3f98a.dir/feature_tests.c.o   -c /Users/giovannidispoto/desktop/libui-master/build/CMakeFiles/feature_tests.c
Linking C executable cmTC_3f98a
/usr/local/Cellar/cmake/3.5.2/bin/cmake -E cmake_link_script CMakeFiles/cmTC_3f98a.dir/link.txt --verbose=1
/Library/Developer/CommandLineTools/usr/bin/cc    -isysroot /Library/Developer/CommandLineTools/SDKs/MacOSX10.13.sdk -mmacosx-version-min=10.8 -Wl,-search_paths_first -Wl,-headerpad_max_install_names   CMakeFiles/cmTC_3f98a.dir/feature_tests.c.o  -o cmTC_3f98a  
gmake[1]: uscita dalla directory "/Users/giovannidispoto/Desktop/libui-master/build/CMakeFiles/CMakeTmp"


    Feature record: C_FEATURE:1c_function_prototypes
    Feature record: C_FEATURE:1c_restrict
    Feature record: C_FEATURE:0c_static_assert
    Feature record: C_FEATURE:1c_variadic_macros


Detecting C [-std=c90] compiler features compiled with the following output:
Change Dir: /Users/giovannidispoto/desktop/libui-master/build/CMakeFiles/CMakeTmp

Run Build Command:"/opt/local/bin/gmake" "cmTC_b96b1/fast"
/opt/local/bin/gmake -f CMakeFiles/cmTC_b96b1.dir/build.make CMakeFiles/cmTC_b96b1.dir/build
gmake[1]: ingresso nella directory "/Users/giovannidispoto/Desktop/libui-master/build/CMakeFiles/CMakeTmp"
Building C object CMakeFiles/cmTC_b96b1.dir/feature_tests.c.o
/Library/Developer/CommandLineTools/usr/bin/cc    -isysroot /Library/Developer/CommandLineTools/SDKs/MacOSX10.13.sdk -mmacosx-version-min=10.8   -std=c90 -o CMakeFiles/cmTC_b96b1.dir/feature_tests.c.o   -c /Users/giovannidispoto/desktop/libui-master/build/CMakeFiles/feature_tests.c
Linking C executable cmTC_b96b1
/usr/local/Cellar/cmake/3.5.2/bin/cmake -E cmake_link_script CMakeFiles/cmTC_b96b1.dir/link.txt --verbose=1
/Library/Developer/CommandLineTools/usr/bin/cc    -isysroot /Library/Developer/CommandLineTools/SDKs/MacOSX10.13.sdk -mmacosx-version-min=10.8 -Wl,-search_paths_first -Wl,-headerpad_max_install_names   CMakeFiles/cmTC_b96b1.dir/feature_tests.c.o  -o cmTC_b96b1  
gmake[1]: uscita dalla directory "/Users/giovannidispoto/Desktop/libui-master/build/CMakeFiles/CMakeTmp"


    Feature record: C_FEATURE:1c_function_prototypes
    Feature record: C_FEATURE:0c_restrict
    Feature record: C_FEATURE:0c_static_assert
    Feature record: C_FEATURE:0c_variadic_macros
Determining if the CXX compiler works passed with the following output:
Change Dir: /Users/giovannidispoto/desktop/libui-master/build/CMakeFiles/CMakeTmp

Run Build Command:"/opt/local/bin/gmake" "cmTC_73496/fast"
/opt/local/bin/gmake -f CMakeFiles/cmTC_73496.dir/build.make CMakeFiles/cmTC_73496.dir/build
gmake[1]: ingresso nella directory "/Users/giovannidispoto/Desktop/libui-master/build/CMakeFiles/CMakeTmp"
Building CXX object CMakeFiles/cmTC_73496.dir/testCXXCompiler.cxx.o
/Library/Developer/CommandLineTools/usr/bin/c++     -isysroot /Library/Developer/CommandLineTools/SDKs/MacOSX10.13.sdk -mmacosx-version-min=10.8   -o CMakeFiles/cmTC_73496.dir/testCXXCompiler.cxx.o -c /Users/giovannidispoto/desktop/libui-master/build/CMakeFiles/CMakeTmp/testCXXCompiler.cxx
Linking CXX executable cmTC_73496
/usr/local/Cellar/cmake/3.5.2/bin/cmake -E cmake_link_script CMakeFiles/cmTC_73496.dir/link.txt --verbose=1
/Library/Developer/CommandLineTools/usr/bin/c++     -isysroot /Library/Developer/CommandLineTools/SDKs/MacOSX10.13.sdk -mmacosx-version-min=10.8 -Wl,-search_paths_first -Wl,-headerpad_max_install_names   CMakeFiles/cmTC_73496.dir/testCXXCompiler.cxx.o  -o cmTC_73496  
clang: warning: libstdc++ is deprecated; move to libc++ with a minimum deployment target of OS X 10.9 [-Wdeprecated]
gmake[1]: uscita dalla directory "/Users/giovannidispoto/Desktop/libui-master/build/CMakeFiles/CMakeTmp"


Detecting CXX compiler ABI info compiled with the following output:
Change Dir: /Users/giovannidispoto/desktop/libui-master/build/CMakeFiles/CMakeTmp

Run Build Command:"/opt/local/bin/gmake" "cmTC_8a532/fast"
/opt/local/bin/gmake -f CMakeFiles/cmTC_8a532.dir/build.make CMakeFiles/cmTC_8a532.dir/build
gmake[1]: ingresso nella directory "/Users/giovannidispoto/Desktop/libui-master/build/CMakeFiles/CMakeTmp"
Building CXX object CMakeFiles/cmTC_8a532.dir/CMakeCXXCompilerABI.cpp.o
/Library/Developer/CommandLineTools/usr/bin/c++     -isysroot /Library/Developer/CommandLineTools/SDKs/MacOSX10.13.sdk -mmacosx-version-min=10.8   -o CMakeFiles/cmTC_8a532.dir/CMakeCXXCompilerABI.cpp.o -c /usr/local/Cellar/cmake/3.5.2/share/cmake/Modules/CMakeCXXCompilerABI.cpp
Linking CXX executable cmTC_8a532
/usr/local/Cellar/cmake/3.5.2/bin/cmake -E cmake_link_script CMakeFiles/cmTC_8a532.dir/link.txt --verbose=1
/Library/Developer/CommandLineTools/usr/bin/c++     -isysroot /Library/Developer/CommandLineTools/SDKs/MacOSX10.13.sdk -mmacosx-version-min=10.8 -Wl,-search_paths_first -Wl,-headerpad_max_install_names  -v -Wl,-v CMakeFiles/cmTC_8a532.dir/CMakeCXXCompilerABI.cpp.o  -o cmTC_8a532   
Apple LLVM version 9.0.0 (clang-900.0.39.2)
Target: x86_64-apple-darwin17.0.0
Thread model: posix
InstalledDir: /Library/Developer/CommandLineTools/usr/bin
clang: warning: libstdc++ is deprecated; move to libc++ with a minimum deployment target of OS X 10.9 [-Wdeprecated]
 "/Library/Developer/CommandLineTools/usr/bin/ld" -demangle -lto_library /Library/Developer/CommandLineTools/usr/lib/libLTO.dylib -dynamic -arch x86_64 -macosx_version_min 10.8.0 -syslibroot /Library/Developer/CommandLineTools/SDKs/MacOSX10.13.sdk -o cmTC_8a532 -search_paths_first -headerpad_max_install_names -v CMakeFiles/cmTC_8a532.dir/CMakeCXXCompilerABI.cpp.o -lstdc++ -lSystem /Library/Developer/CommandLineTools/usr/lib/clang/9.0.0/lib/darwin/libclang_rt.osx.a
@(#)PROGRAM:ld  PROJECT:ld64-305
configured to support archs: armv6 armv7 armv7s arm64 i386 x86_64 x86_64h armv6m armv7k armv7m armv7em (tvOS)
Library search paths:
	/Library/Developer/CommandLineTools/SDKs/MacOSX10.13.sdk/usr/lib
Framework search paths:
	/Library/Developer/CommandLineTools/SDKs/MacOSX10.13.sdk/System/Library/Frameworks/
gmake[1]: uscita dalla directory "/Users/giovannidispoto/Desktop/libui-master/build/CMakeFiles/CMakeTmp"


Parsed CXX implicit link information from above output:
  link line regex: [^( *|.*[/\])(ld|([^/\]+-)?ld|collect2)[^/\]*( |$)]
  ignore line: [Change Dir: /Users/giovannidispoto/desktop/libui-master/build/CMakeFiles/CMakeTmp]
  ignore line: []
  ignore line: [Run Build Command:"/opt/local/bin/gmake" "cmTC_8a532/fast"]
  ignore line: [/opt/local/bin/gmake -f CMakeFiles/cmTC_8a532.dir/build.make CMakeFiles/cmTC_8a532.dir/build]
  ignore line: [gmake[1]: ingresso nella directory "/Users/giovannidispoto/Desktop/libui-master/build/CMakeFiles/CMakeTmp"]
  ignore line: [Building CXX object CMakeFiles/cmTC_8a532.dir/CMakeCXXCompilerABI.cpp.o]
  ignore line: [/Library/Developer/CommandLineTools/usr/bin/c++     -isysroot /Library/Developer/CommandLineTools/SDKs/MacOSX10.13.sdk -mmacosx-version-min=10.8   -o CMakeFiles/cmTC_8a532.dir/CMakeCXXCompilerABI.cpp.o -c /usr/local/Cellar/cmake/3.5.2/share/cmake/Modules/CMakeCXXCompilerABI.cpp]
  ignore line: [Linking CXX executable cmTC_8a532]
  ignore line: [/usr/local/Cellar/cmake/3.5.2/bin/cmake -E cmake_link_script CMakeFiles/cmTC_8a532.dir/link.txt --verbose=1]
  ignore line: [/Library/Developer/CommandLineTools/usr/bin/c++     -isysroot /Library/Developer/CommandLineTools/SDKs/MacOSX10.13.sdk -mmacosx-version-min=10.8 -Wl,-search_paths_first -Wl,-headerpad_max_install_names  -v -Wl,-v CMakeFiles/cmTC_8a532.dir/CMakeCXXCompilerABI.cpp.o  -o cmTC_8a532   ]
  ignore line: [Apple LLVM version 9.0.0 (clang-900.0.39.2)]
  ignore line: [Target: x86_64-apple-darwin17.0.0]
  ignore line: [Thread model: posix]
  ignore line: [InstalledDir: /Library/Developer/CommandLineTools/usr/bin]
  ignore line: [clang: warning: libstdc++ is deprecated]
  ignore line: [ move to libc++ with a minimum deployment target of OS X 10.9 [-Wdeprecated]]
  link line: [ "/Library/Developer/CommandLineTools/usr/bin/ld" -demangle -lto_library /Library/Developer/CommandLineTools/usr/lib/libLTO.dylib -dynamic -arch x86_64 -macosx_version_min 10.8.0 -syslibroot /Library/Developer/CommandLineTools/SDKs/MacOSX10.13.sdk -o cmTC_8a532 -search_paths_first -headerpad_max_install_names -v CMakeFiles/cmTC_8a532.dir/CMakeCXXCompilerABI.cpp.o -lstdc++ -lSystem /Library/Developer/CommandLineTools/usr/lib/clang/9.0.0/lib/darwin/libclang_rt.osx.a]
    arg [/Library/Developer/CommandLineTools/usr/bin/ld] ==> ignore
    arg [-demangle] ==> ignore
    arg [-lto_library] ==> lib [to_library]
    arg [/Library/Developer/CommandLineTools/usr/lib/libLTO.dylib] ==> ignore
    arg [-dynamic] ==> ignore
    arg [-arch] ==> ignore
    arg [x86_64] ==> ignore
    arg [-macosx_version_min] ==> ignore
    arg [10.8.0] ==> ignore
    arg [-syslibroot] ==> ignore
    arg [/Library/Developer/CommandLineTools/SDKs/MacOSX10.13.sdk] ==> ignore
    arg [-o] ==> ignore
    arg [cmTC_8a532] ==> ignore
    arg [-search_paths_first] ==> ignore
    arg [-headerpad_max_install_names] ==> ignore
    arg [-v] ==> ignore
    arg [CMakeFiles/cmTC_8a532.dir/CMakeCXXCompilerABI.cpp.o] ==> ignore
    arg [-lstdc++] ==> lib [stdc++]
    arg [-lSystem] ==> lib [System]
    arg [/Library/Developer/CommandLineTools/usr/lib/clang/9.0.0/lib/darwin/libclang_rt.osx.a] ==> lib [/Library/Developer/CommandLineTools/usr/lib/clang/9.0.0/lib/darwin/libclang_rt.osx.a]
  Library search paths: [;/Library/Developer/CommandLineTools/SDKs/MacOSX10.13.sdk/usr/lib]
  Framework search paths: [;/Library/Developer/CommandLineTools/SDKs/MacOSX10.13.sdk/System/Library/Frameworks/]
  remove lib [System]
  collapse library dir [/Library/Developer/CommandLineTools/SDKs/MacOSX10.13.sdk/usr/lib] ==> [/Library/Developer/CommandLineTools/SDKs/MacOSX10.13.sdk/usr/lib]
  collapse framework dir [/Library/Developer/CommandLineTools/SDKs/MacOSX10.13.sdk/System/Library/Frameworks/] ==> [/Library/Developer/CommandLineTools/SDKs/MacOSX10.13.sdk/System/Library/Frameworks]
  implicit libs: [to_library;stdc++;/Library/Developer/CommandLineTools/usr/lib/clang/9.0.0/lib/darwin/libclang_rt.osx.a]
  implicit dirs: [/Library/Developer/CommandLineTools/SDKs/MacOSX10.13.sdk/usr/lib]
  implicit fwks: [/Library/Developer/CommandLineTools/SDKs/MacOSX10.13.sdk/System/Library/Frameworks]




Detecting CXX [-std=c++14] compiler features compiled with the following output:
Change Dir: /Users/giovannidispoto/desktop/libui-master/build/CMakeFiles/CMakeTmp

Run Build Command:"/opt/local/bin/gmake" "cmTC_ac617/fast"
/opt/local/bin/gmake -f CMakeFiles/cmTC_ac617.dir/build.make CMakeFiles/cmTC_ac617.dir/build
gmake[1]: ingresso nella directory "/Users/giovannidispoto/Desktop/libui-master/build/CMakeFiles/CMakeTmp"
Building CXX object CMakeFiles/cmTC_ac617.dir/feature_tests.cxx.o
/Library/Developer/CommandLineTools/usr/bin/c++     -isysroot /Library/Developer/CommandLineTools/SDKs/MacOSX10.13.sdk -mmacosx-version-min=10.8   -std=c++14 -o CMakeFiles/cmTC_ac617.dir/feature_tests.cxx.o -c /Users/giovannidispoto/desktop/libui-master/build/CMakeFiles/feature_tests.cxx
Linking CXX executable cmTC_ac617
/usr/local/Cellar/cmake/3.5.2/bin/cmake -E cmake_link_script CMakeFiles/cmTC_ac617.dir/link.txt --verbose=1
/Library/Developer/CommandLineTools/usr/bin/c++     -isysroot /Library/Developer/CommandLineTools/SDKs/MacOSX10.13.sdk -mmacosx-version-min=10.8 -Wl,-search_paths_first -Wl,-headerpad_max_install_names   CMakeFiles/cmTC_ac617.dir/feature_tests.cxx.o  -o cmTC_ac617  
clang: warning: libstdc++ is deprecated; move to libc++ with a minimum deployment target of OS X 10.9 [-Wdeprecated]
gmake[1]: uscita dalla directory "/Users/giovannidispoto/Desktop/libui-master/build/CMakeFiles/CMakeTmp"


    Feature record: CXX_FEATURE:1cxx_aggregate_default_initializers
    Feature record: CXX_FEATURE:1cxx_alias_templates
    Feature record: CXX_FEATURE:1cxx_alignas
    Feature record: CXX_FEATURE:1cxx_alignof
    Feature record: CXX_FEATURE:1cxx_attributes
    Feature record: CXX_FEATURE:1cxx_attribute_deprecated
    Feature record: CXX_FEATURE:1cxx_auto_type
    Feature record: CXX_FEATURE:1cxx_binary_literals
    Feature record: CXX_FEATURE:1cxx_constexpr
    Feature record: CXX_FEATURE:1cxx_contextual_conversions
    Feature record: CXX_FEATURE:1cxx_decltype
    Feature record: CXX_FEATURE:1cxx_decltype_auto
    Feature record: CXX_FEATURE:1cxx_decltype_incomplete_return_types
    Feature record: CXX_FEATURE:1cxx_default_function_template_args
    Feature record: CXX_FEATURE:1cxx_defaulted_functions
    Feature record: CXX_FEATURE:1cxx_defaulted_move_initializers
    Feature record: CXX_FEATURE:1cxx_delegating_constructors
    Feature record: CXX_FEATURE:1cxx_deleted_functions
    Feature record: CXX_FEATURE:1cxx_digit_separators
    Feature record: CXX_FEATURE:1cxx_enum_forward_declarations
    Feature record: CXX_FEATURE:1cxx_explicit_conversions
    Feature record: CXX_FEATURE:1cxx_extended_friend_declarations
    Feature record: CXX_FEATURE:1cxx_extern_templates
    Feature record: CXX_FEATURE:1cxx_final
    Feature record: CXX_FEATURE:1cxx_func_identifier
    Feature record: CXX_FEATURE:1cxx_generalized_initializers
    Feature record: CXX_FEATURE:1cxx_generic_lambdas
    Feature record: CXX_FEATURE:1cxx_inheriting_constructors
    Feature record: CXX_FEATURE:1cxx_inline_namespaces
    Feature record: CXX_FEATURE:1cxx_lambdas
    Feature record: CXX_FEATURE:1cxx_lambda_init_captures
    Feature record: CXX_FEATURE:1cxx_local_type_template_args
    Feature record: CXX_FEATURE:1cxx_long_long_type
    Feature record: CXX_FEATURE:1cxx_noexcept
    Feature record: CXX_FEATURE:1cxx_nonstatic_member_init
    Feature record: CXX_FEATURE:1cxx_nullptr
    Feature record: CXX_FEATURE:1cxx_override
    Feature record: CXX_FEATURE:1cxx_range_for
    Feature record: CXX_FEATURE:1cxx_raw_string_literals
    Feature record: CXX_FEATURE:1cxx_reference_qualified_functions
    Feature record: CXX_FEATURE:1cxx_relaxed_constexpr
    Feature record: CXX_FEATURE:1cxx_return_type_deduction
    Feature record: CXX_FEATURE:1cxx_right_angle_brackets
    Feature record: CXX_FEATURE:1cxx_rvalue_references
    Feature record: CXX_FEATURE:1cxx_sizeof_member
    Feature record: CXX_FEATURE:1cxx_static_assert
    Feature record: CXX_FEATURE:1cxx_strong_enums
    Feature record: CXX_FEATURE:1cxx_template_template_parameters
    Feature record: CXX_FEATURE:1cxx_thread_local
    Feature record: CXX_FEATURE:1cxx_trailing_return_types
    Feature record: CXX_FEATURE:1cxx_unicode_literals
    Feature record: CXX_FEATURE:1cxx_uniform_initialization
    Feature record: CXX_FEATURE:1cxx_unrestricted_unions
    Feature record: CXX_FEATURE:1cxx_user_literals
    Feature record: CXX_FEATURE:1cxx_variable_templates
    Feature record: CXX_FEATURE:1cxx_variadic_macros
    Feature record: CXX_FEATURE:1cxx_variadic_templates


Detecting CXX [-std=c++11] compiler features compiled with the following output:
Change Dir: /Users/giovannidispoto/desktop/libui-master/build/CMakeFiles/CMakeTmp

Run Build Command:"/opt/local/bin/gmake" "cmTC_18690/fast"
/opt/local/bin/gmake -f CMakeFiles/cmTC_18690.dir/build.make CMakeFiles/cmTC_18690.dir/build
gmake[1]: ingresso nella directory "/Users/giovannidispoto/Desktop/libui-master/build/CMakeFiles/CMakeTmp"
Building CXX object CMakeFiles/cmTC_18690.dir/feature_tests.cxx.o
/Library/Developer/CommandLineTools/usr/bin/c++     -isysroot /Library/Developer/CommandLineTools/SDKs/MacOSX10.13.sdk -mmacosx-version-min=10.8   -std=c++11 -o CMakeFiles/cmTC_18690.dir/feature_tests.cxx.o -c /Users/giovannidispoto/desktop/libui-master/build/CMakeFiles/feature_tests.cxx
Linking CXX executable cmTC_18690
/usr/local/Cellar/cmake/3.5.2/bin/cmake -E cmake_link_script CMakeFiles/cmTC_18690.dir/link.txt --verbose=1
/Library/Developer/CommandLineTools/usr/bin/c++     -isysroot /Library/Developer/CommandLineTools/SDKs/MacOSX10.13.sdk -mmacosx-version-min=10.8 -Wl,-search_paths_first -Wl,-headerpad_max_install_names   CMakeFiles/cmTC_18690.dir/feature_tests.cxx.o  -o cmTC_18690  
clang: warning: libstdc++ is deprecated; move to libc++ with a minimum deployment target of OS X 10.9 [-Wdeprecated]
gmake[1]: uscita dalla directory "/Users/giovannidispoto/Desktop/libui-master/build/CMakeFiles/CMakeTmp"


    Feature record: CXX_FEATURE:0cxx_aggregate_default_initializers
    Feature record: CXX_FEATURE:1cxx_alias_templates
    Feature record: CXX_FEATURE:1cxx_alignas
    Feature record: CXX_FEATURE:1cxx_alignof
    Feature record: CXX_FEATURE:1cxx_attributes
    Feature record: CXX_FEATURE:0cxx_attribute_deprecated
    Feature record: CXX_FEATURE:1cxx_auto_type
    Feature record: CXX_FEATURE:0cxx_binary_literals
    Feature record: CXX_FEATURE:1cxx_constexpr
    Feature record: CXX_FEATURE:0cxx_contextual_conversions
    Feature record: CXX_FEATURE:1cxx_decltype
    Feature record: CXX_FEATURE:0cxx_decltype_auto
    Feature record: CXX_FEATURE:1cxx_decltype_incomplete_return_types
    Feature record: CXX_FEATURE:1cxx_default_function_template_args
    Feature record: CXX_FEATURE:1cxx_defaulted_functions
    Feature record: CXX_FEATURE:1cxx_defaulted_move_initializers
    Feature record: CXX_FEATURE:1cxx_delegating_constructors
    Feature record: CXX_FEATURE:1cxx_deleted_functions
    Feature record: CXX_FEATURE:0cxx_digit_separators
    Feature record: CXX_FEATURE:1cxx_enum_forward_declarations
    Feature record: CXX_FEATURE:1cxx_explicit_conversions
    Feature record: CXX_FEATURE:1cxx_extended_friend_declarations
    Feature record: CXX_FEATURE:1cxx_extern_templates
    Feature record: CXX_FEATURE:1cxx_final
    Feature record: CXX_FEATURE:1cxx_func_identifier
    Feature record: CXX_FEATURE:1cxx_generalized_initializers
    Feature record: CXX_FEATURE:0cxx_generic_lambdas
    Feature record: CXX_FEATURE:1cxx_inheriting_constructors
    Feature record: CXX_FEATURE:1cxx_inline_namespaces
    Feature record: CXX_FEATURE:1cxx_lambdas
    Feature record: CXX_FEATURE:0cxx_lambda_init_captures
    Feature record: CXX_FEATURE:1cxx_local_type_template_args
    Feature record: CXX_FEATURE:1cxx_long_long_type
    Feature record: CXX_FEATURE:1cxx_noexcept
    Feature record: CXX_FEATURE:1cxx_nonstatic_member_init
    Feature record: CXX_FEATURE:1cxx_nullptr
    Feature record: CXX_FEATURE:1cxx_override
    Feature record: CXX_FEATURE:1cxx_range_for
    Feature record: CXX_FEATURE:1cxx_raw_string_literals
    Feature record: CXX_FEATURE:1cxx_reference_qualified_functions
    Feature record: CXX_FEATURE:0cxx_relaxed_constexpr
    Feature record: CXX_FEATURE:0cxx_return_type_deduction
    Feature record: CXX_FEATURE:1cxx_right_angle_brackets
    Feature record: CXX_FEATURE:1cxx_rvalue_references
    Feature record: CXX_FEATURE:1cxx_sizeof_member
    Feature record: CXX_FEATURE:1cxx_static_assert
    Feature record: CXX_FEATURE:1cxx_strong_enums
    Feature record: CXX_FEATURE:1cxx_template_template_parameters
    Feature record: CXX_FEATURE:1cxx_thread_local
    Feature record: CXX_FEATURE:1cxx_trailing_return_types
    Feature record: CXX_FEATURE:1cxx_unicode_literals
    Feature record: CXX_FEATURE:1cxx_uniform_initialization
    Feature record: CXX_FEATURE:1cxx_unrestricted_unions
    Feature record: CXX_FEATURE:1cxx_user_literals
    Feature record: CXX_FEATURE:0cxx_variable_templates
    Feature record: CXX_FEATURE:1cxx_variadic_macros
    Feature record: CXX_FEATURE:1cxx_variadic_templates


Detecting CXX [-std=c++98] compiler features compiled with the following output:
Change Dir: /Users/giovannidispoto/desktop/libui-master/build/CMakeFiles/CMakeTmp

Run Build Command:"/opt/local/bin/gmake" "cmTC_f4d8e/fast"
/opt/local/bin/gmake -f CMakeFiles/cmTC_f4d8e.dir/build.make CMakeFiles/cmTC_f4d8e.dir/build
gmake[1]: ingresso nella directory "/Users/giovannidispoto/Desktop/libui-master/build/CMakeFiles/CMakeTmp"
Building CXX object CMakeFiles/cmTC_f4d8e.dir/feature_tests.cxx.o
/Library/Developer/CommandLineTools/usr/bin/c++     -isysroot /Library/Developer/CommandLineTools/SDKs/MacOSX10.13.sdk -mmacosx-version-min=10.8   -std=c++98 -o CMakeFiles/cmTC_f4d8e.dir/feature_tests.cxx.o -c /Users/giovannidispoto/desktop/libui-master/build/CMakeFiles/feature_tests.cxx
Linking CXX executable cmTC_f4d8e
/usr/local/Cellar/cmake/3.5.2/bin/cmake -E cmake_link_script CMakeFiles/cmTC_f4d8e.dir/link.txt --verbose=1
/Library/Developer/CommandLineTools/usr/bin/c++     -isysroot /Library/Developer/CommandLineTools/SDKs/MacOSX10.13.sdk -mmacosx-version-min=10.8 -Wl,-search_paths_first -Wl,-headerpad_max_install_names   CMakeFiles/cmTC_f4d8e.dir/feature_tests.cxx.o  -o cmTC_f4d8e  
clang: warning: libstdc++ is deprecated; move to libc++ with a minimum deployment target of OS X 10.9 [-Wdeprecated]
gmake[1]: uscita dalla directory "/Users/giovannidispoto/Desktop/libui-master/build/CMakeFiles/CMakeTmp"


    Feature record: CXX_FEATURE:0cxx_aggregate_default_initializers
    Feature record: CXX_FEATURE:0cxx_alias_templates
    Feature record: CXX_FEATURE:0cxx_alignas
    Feature record: CXX_FEATURE:0cxx_alignof
    Feature record: CXX_FEATURE:0cxx_attributes
    Feature record: CXX_FEATURE:0cxx_attribute_deprecated
    Feature record: CXX_FEATURE:0cxx_auto_type
    Feature record: CXX_FEATURE:0cxx_binary_literals
    Feature record: CXX_FEATURE:0cxx_constexpr
    Feature record: CXX_FEATURE:0cxx_contextual_conversions
    Feature record: CXX_FEATURE:0cxx_decltype
    Feature record: CXX_FEATURE:0cxx_decltype_auto
    Feature record: CXX_FEATURE:0cxx_decltype_incomplete_return_types
    Feature record: CXX_FEATURE:0cxx_default_function_template_args
    Feature record: CXX_FEATURE:0cxx_defaulted_functions
    Feature record: CXX_FEATURE:0cxx_defaulted_move_initializers
    Feature record: CXX_FEATURE:0cxx_delegating_constructors
    Feature record: CXX_FEATURE:0cxx_deleted_functions
    Feature record: CXX_FEATURE:0cxx_digit_separators
    Feature record: CXX_FEATURE:0cxx_enum_forward_declarations
    Feature record: CXX_FEATURE:0cxx_explicit_conversions
    Feature record: CXX_FEATURE:0cxx_extended_friend_declarations
    Feature record: CXX_FEATURE:0cxx_extern_templates
    Feature record: CXX_FEATURE:0cxx_final
    Feature record: CXX_FEATURE:0cxx_func_identifier
    Feature record: CXX_FEATURE:0cxx_generalized_initializers
    Feature record: CXX_FEATURE:0cxx_generic_lambdas
    Feature record: CXX_FEATURE:0cxx_inheriting_constructors
    Feature record: CXX_FEATURE:0cxx_inline_namespaces
    Feature record: CXX_FEATURE:0cxx_lambdas
    Feature record: CXX_FEATURE:0cxx_lambda_init_captures
    Feature record: CXX_FEATURE:0cxx_local_type_template_args
    Feature record: CXX_FEATURE:0cxx_long_long_type
    Feature record: CXX_FEATURE:0cxx_noexcept
    Feature record: CXX_FEATURE:0cxx_nonstatic_member_init
    Feature record: CXX_FEATURE:0cxx_nullptr
    Feature record: CXX_FEATURE:0cxx_override
    Feature record: CXX_FEATURE:0cxx_range_for
    Feature record: CXX_FEATURE:0cxx_raw_string_literals
    Feature record: CXX_FEATURE:0cxx_reference_qualified_functions
    Feature record: CXX_FEATURE:0cxx_relaxed_constexpr
    Feature record: CXX_FEATURE:0cxx_return_type_deduction
    Feature record: CXX_FEATURE:0cxx_right_angle_brackets
    Feature record: CXX_FEATURE:0cxx_rvalue_references
    Feature record: CXX_FEATURE:0cxx_sizeof_member
    Feature record: CXX_FEATURE:0cxx_static_assert
    Feature record: CXX_FEATURE:0cxx_strong_enums
    Feature record: CXX_FEATURE:1cxx_template_template_parameters
    Feature record: CXX_FEATURE:0cxx_thread_local
    Feature record: CXX_FEATURE:0cxx_trailing_return_types
    Feature record: CXX_FEATURE:0cxx_unicode_literals
    Feature record: CXX_FEATURE:0cxx_uniform_initialization
    Feature record: CXX_FEATURE:0cxx_unrestricted_unions
    Feature record: CXX_FEATURE:0cxx_user_literals
    Feature record: CXX_FEATURE:0cxx_variable_templates
    Feature record: CXX_FEATURE:0cxx_variadic_macros
    Feature record: CXX_FEATURE:0cxx_variadic_templates
